2023-01-20 15:37:20,506 ERROR: Exception on /reset_password_request [POST] [in D:\Project Based Learning\Flask\Microblog\venv\lib\site-packages\flask\app.py:1741]
Traceback (most recent call last):
  File "D:\Project Based Learning\Flask\Microblog\venv\lib\site-packages\flask\app.py", line 2525, in wsgi_app
    response = self.full_dispatch_request()
  File "D:\Project Based Learning\Flask\Microblog\venv\lib\site-packages\flask\app.py", line 1822, in full_dispatch_request
    rv = self.handle_user_exception(e)
  File "D:\Project Based Learning\Flask\Microblog\venv\lib\site-packages\flask\app.py", line 1820, in full_dispatch_request
    rv = self.dispatch_request()
  File "D:\Project Based Learning\Flask\Microblog\venv\lib\site-packages\flask\app.py", line 1796, in dispatch_request
    return self.ensure_sync(self.view_functions[rule.endpoint])(**view_args)
  File "D:\Project Based Learning\Flask\Microblog\app\routes.py", line 177, in reset_password_request
    send_password_reset_email(user)
  File "D:\Project Based Learning\Flask\Microblog\app\email.py", line 20, in send_password_reset_email
    token = user.get_reset_password_token()
  File "D:\Project Based Learning\Flask\Microblog\app\models.py", line 62, in get_reset_password_token
    }, app.Config['SECRET_KEY'], algorithm='HS256')
TypeError: 'type' object is not subscriptable
2023-01-20 15:41:08,268 INFO: Microblog startup [in D:\Project Based Learning\Flask\Microblog\app\__init__.py:49]
2023-01-20 15:41:12,513 ERROR: Exception on /reset_password_request [POST] [in D:\Project Based Learning\Flask\Microblog\venv\lib\site-packages\flask\app.py:1741]
Traceback (most recent call last):
  File "D:\Project Based Learning\Flask\Microblog\venv\lib\site-packages\flask\app.py", line 2525, in wsgi_app
    response = self.full_dispatch_request()
  File "D:\Project Based Learning\Flask\Microblog\venv\lib\site-packages\flask\app.py", line 1822, in full_dispatch_request
    rv = self.handle_user_exception(e)
  File "D:\Project Based Learning\Flask\Microblog\venv\lib\site-packages\flask\app.py", line 1820, in full_dispatch_request
    rv = self.dispatch_request()
  File "D:\Project Based Learning\Flask\Microblog\venv\lib\site-packages\flask\app.py", line 1796, in dispatch_request
    return self.ensure_sync(self.view_functions[rule.endpoint])(**view_args)
  File "D:\Project Based Learning\Flask\Microblog\app\routes.py", line 177, in reset_password_request
    send_password_reset_email(user)
  File "D:\Project Based Learning\Flask\Microblog\app\email.py", line 20, in send_password_reset_email
    token = user.get_reset_password_token()
  File "D:\Project Based Learning\Flask\Microblog\app\models.py", line 62, in get_reset_password_token
    }, app.config["SECRET_KEY"], algorithm='HS256')
TypeError: 'module' object is not subscriptable
2023-01-20 15:42:39,425 INFO: Microblog startup [in D:\Project Based Learning\Flask\Microblog\app\__init__.py:49]
